<?xml version="1.0" encoding="UTF-8"?>
<robot generator="Robot 7.4.2 (Python 3.14.0 on win32)" generated="2026-09-01T17:38:40.901030" rpa="false" schemaversion="5">
<suite id="s1" name="Login" source="C:\Users\Jil.Shah\Downloads\GS\Testcases\Login.robot">
<test id="s1-t1" name="Verify that the user is able to log in with valid credentials." line="16">
<kw name="Open findmespot On Browser" owner="Login.resources">
<kw name="Open Browser" owner="Web">
<msg time="2026-09-01T17:38:41.227026" level="INFO">Opening browser 'chrome' to base url 'https://myaccounttest.findmespot.com/login'.</msg>
<arg>https://myaccounttest.findmespot.com/login</arg>
<arg>chrome</arg>
<doc>Opens a new browser instance to the optional ``url``.</doc>
<status status="PASS" start="2026-09-01T17:38:41.226767" elapsed="5.517384"/>
</kw>
<kw name="Set Window Size" owner="Web">
<arg>${windowScreenWidth}</arg>
<arg>${windowScreenHighth}</arg>
<doc>Sets current windows size to given ``width`` and ``height``.</doc>
<status status="PASS" start="2026-09-01T17:38:46.744376" elapsed="0.398647"/>
</kw>
<kw name="Maximize Browser Window" owner="Web">
<doc>Maximizes current browser window.</doc>
<status status="PASS" start="2026-09-01T17:38:47.143235" elapsed="0.026790"/>
</kw>
<kw name="Wait Until Element Is Visible" owner="Web">
<arg>${LoginButton}</arg>
<doc>Waits until the element ``locator`` is visible.</doc>
<status status="PASS" start="2026-09-01T17:38:47.170324" elapsed="0.856684"/>
</kw>
<status status="PASS" start="2026-09-01T17:38:41.226248" elapsed="6.800882"/>
</kw>
<kw name="Scroll Element Into View" owner="Web">
<arg>${Cookies}</arg>
<doc>Scrolls the element identified by ``locator`` into view.</doc>
<status status="PASS" start="2026-09-01T17:38:48.027393" elapsed="0.268538"/>
</kw>
<kw name="Click Button" owner="Web">
<msg time="2026-09-01T17:38:48.296457" level="INFO">Clicking button 'xpath://button[contains(text(), 'Accept') or contains(text(), 'Agree') or contains(text(), 'Allow')] '.</msg>
<arg>${Cookies}</arg>
<doc>Clicks the button identified by ``locator``.</doc>
<status status="PASS" start="2026-09-01T17:38:48.296205" elapsed="0.057797"/>
</kw>
<kw name="Sleep" owner="BuiltIn">
<msg time="2026-09-01T17:38:50.355522" level="INFO">Slept 2 seconds.</msg>
<arg>2s</arg>
<doc>Pauses the test executed for the given time.</doc>
<status status="PASS" start="2026-09-01T17:38:48.354640" elapsed="2.000983"/>
</kw>
<kw name="Wait Until Element Is Visible" owner="Web">
<arg>${UserNameTextField}</arg>
<arg>${StandardTimeout}</arg>
<doc>Waits until the element ``locator`` is visible.</doc>
<status status="PASS" start="2026-09-01T17:38:50.355930" elapsed="0.013719"/>
</kw>
<kw name="Input Text" owner="Web">
<msg time="2026-09-01T17:38:50.370505" level="INFO">Typing text 'Globalstar919' into text field '//*[@placeholder="Username"]'.</msg>
<arg>${UserNameTextField}</arg>
<arg>${UserName}</arg>
<doc>Types the given ``text`` into the text field identified by ``locator``.</doc>
<status status="PASS" start="2026-09-01T17:38:50.370026" elapsed="0.079949"/>
</kw>
<kw name="Input Text" owner="Web">
<msg time="2026-09-01T17:38:50.450544" level="INFO">Typing text 'Test@123' into text field '//*[@placeholder="Password"]'.</msg>
<arg>${PasswordTextField}</arg>
<arg>${Password}</arg>
<doc>Types the given ``text`` into the text field identified by ``locator``.</doc>
<status status="PASS" start="2026-09-01T17:38:50.450259" elapsed="0.055880"/>
</kw>
<kw name="Wait Until Element Is Visible" owner="Web">
<arg>${LoginButton}</arg>
<arg>${StandardTimeout}</arg>
<doc>Waits until the element ``locator`` is visible.</doc>
<status status="PASS" start="2026-09-01T17:38:50.506426" elapsed="0.011831"/>
</kw>
<kw name="Click Button" owner="Web">
<msg time="2026-09-01T17:38:50.518774" level="INFO">Clicking button '//*[@id="top-element"]/div/main/app-login/div/div[3]/div[1]/form/div[2]/spotma-button/button'.</msg>
<arg>${LoginButton}</arg>
<doc>Clicks the button identified by ``locator``.</doc>
<status status="PASS" start="2026-09-01T17:38:50.518526" elapsed="0.054118"/>
</kw>
<kw name="Sleep" owner="BuiltIn">
<msg time="2026-09-01T17:38:55.573946" level="INFO">Slept 5 seconds.</msg>
<arg>5s</arg>
<doc>Pauses the test executed for the given time.</doc>
<status status="PASS" start="2026-09-01T17:38:50.573116" elapsed="5.000945"/>
</kw>
<kw name="Wait Until Element Is Visible" owner="Web">
<arg>${Mydevices}</arg>
<arg>${StandardTimeout}</arg>
<doc>Waits until the element ``locator`` is visible.</doc>
<status status="PASS" start="2026-09-01T17:38:55.574388" elapsed="0.014208"/>
</kw>
<kw name="Sleep" owner="BuiltIn">
<msg time="2026-09-01T17:38:57.589719" level="INFO">Slept 2 seconds.</msg>
<arg>2s</arg>
<doc>Pauses the test executed for the given time.</doc>
<status status="PASS" start="2026-09-01T17:38:55.588853" elapsed="2.001005"/>
</kw>
<kw name="Click Button" owner="Web">
<msg time="2026-09-01T17:38:57.590644" level="INFO">Clicking button 'xpath=//span[contains(text(), 'MY DEVICES')]'.</msg>
<kw name="Capture Page Screenshot" owner="Web">
<msg time="2026-09-01T17:38:57.793553" level="INFO" html="true">&lt;/td&gt;&lt;/tr&gt;&lt;tr&gt;&lt;td colspan="3"&gt;&lt;a href="selenium-screenshot-1.png"&gt;&lt;img src="selenium-screenshot-1.png" width="800px"&gt;&lt;/a&gt;</msg>
<doc>Takes a screenshot of the current page and embeds it into a log file.</doc>
<status status="PASS" start="2026-09-01T17:38:57.619843" elapsed="0.173799"/>
</kw>
<msg time="2026-09-01T17:38:57.793790" level="FAIL">Button with locator 'xpath=//span[contains(text(), 'MY DEVICES')]' not found.</msg>
<arg>${Mydevices}</arg>
<doc>Clicks the button identified by ``locator``.</doc>
<status status="FAIL" start="2026-09-01T17:38:57.590289" elapsed="0.211938">Button with locator 'xpath=//span[contains(text(), 'MY DEVICES')]' not found.</status>
</kw>
<kw name="Click Button" owner="Web">
<arg>${Addnewspotdevice}</arg>
<doc>Clicks the button identified by ``locator``.</doc>
<status status="NOT RUN" start="2026-09-01T17:38:57.802509" elapsed="0.000042"/>
</kw>
<kw name="Close All Browsers" owner="Web">
<doc>Closes all open browsers and resets the browser cache.</doc>
<status status="NOT RUN" start="2026-09-01T17:38:57.802829" elapsed="0.000035"/>
</kw>
<tag>TEST_CASE_51208</tag>
<status status="FAIL" start="2026-09-01T17:38:41.225569" elapsed="16.577534">Button with locator 'xpath=//span[contains(text(), 'MY DEVICES')]' not found.</status>
</test>
<status status="FAIL" start="2026-09-01T17:38:40.902933" elapsed="16.900858"/>
</suite>
<statistics>
<total>
<stat pass="0" fail="1" skip="0">All Tests</stat>
</total>
<tag>
<stat pass="0" fail="1" skip="0">TEST_CASE_51208</stat>
</tag>
<suite>
<stat name="Login" id="s1" pass="0" fail="1" skip="0">Login</stat>
</suite>
</statistics>
<errors>
</errors>
</robot>
